Using pre-set license
Built from '2020.3/staging' branch; Version is '2020.3.6f1 (338bb68529b2) revision 3378102'; Using compiler version '192528614'; Build Type 'Release'
OS: 'Windows 10 Home; OS build 19045.4894; Version 2009; 64bit' Language: 'en' Physical Memory: 16273 MB
BatchMode: 1, IsHumanControllingUs: 0, StartBugReporterOnCrash: 0, Is64bit: 1, IsPro: 0

 COMMAND LINE ARGUMENTS:
C:\Program Files\Unity\Hub\Editor\2020.3.6f1\Editor\Unity.exe
-adb2
-batchMode
-noUpm
-name
AssetImportWorker0
-projectPath
C:/Users/Milos/Desktop/DjangloDjomloG-CleanVersion-main
-logFile
Logs/AssetImportWorker0.log
-srvPort
6902
Successfully changed project path to: C:/Users/Milos/Desktop/DjangloDjomloG-CleanVersion-main
C:/Users/Milos/Desktop/DjangloDjomloG-CleanVersion-main
Using Asset Import Pipeline V2.
Refreshing native plugins compatible for Editor in 17.11 ms, found 0 plugins.
Preloading 0 native plugins for Editor in 0.00 ms.
Initialize engine version: 2020.3.6f1 (338bb68529b2)
[Subsystems] Discovering subsystems at path C:/Program Files/Unity/Hub/Editor/2020.3.6f1/Editor/Data/Resources/UnitySubsystems
[Subsystems] Discovering subsystems at path C:/Users/Milos/Desktop/DjangloDjomloG-CleanVersion-main/Assets
GfxDevice: creating device client; threaded=0
Direct3D:
    Version:  Direct3D 11.0 [level 11.1]
    Renderer: AMD Radeon RX 6700 XT (ID=0x73df)
    Vendor:   
    VRAM:     11896 MB
    Driver:   32.0.11029.1008
Initialize mono
Mono path[0] = 'C:/Program Files/Unity/Hub/Editor/2020.3.6f1/Editor/Data/Managed'
Mono path[1] = 'C:/Program Files/Unity/Hub/Editor/2020.3.6f1/Editor/Data/MonoBleedingEdge/lib/mono/unityjit'
Mono config path = 'C:/Program Files/Unity/Hub/Editor/2020.3.6f1/Editor/Data/MonoBleedingEdge/etc'
Using monoOptions --debugger-agent=transport=dt_socket,embedding=1,server=y,suspend=n,address=127.0.0.1:56536
Begin MonoManager ReloadAssembly
Registering precompiled unity dll's ...
Register platform support module: C:/Program Files/Unity/Hub/Editor/2020.3.6f1/Editor/Data/PlaybackEngines/WindowsStandaloneSupport/UnityEditor.WindowsStandalone.Extensions.dll
Registered in 0.001434 seconds.
Native extension for WindowsStandalone target not found
Refreshing native plugins compatible for Editor in 19.37 ms, found 0 plugins.
Preloading 0 native plugins for Editor in 0.00 ms.
Mono: successfully reloaded assembly
- Completed reload, in  1.493 seconds
Platform modules already initialized, skipping
Registering precompiled user dll's ...
Registered in 0.000516 seconds.
Begin MonoManager ReloadAssembly
Native extension for WindowsStandalone target not found
Refreshing native plugins compatible for Editor in 0.20 ms, found 0 plugins.
Preloading 0 native plugins for Editor in 0.00 ms.
Mono: successfully reloaded assembly
- Completed reload, in  0.544 seconds
Platform modules already initialized, skipping
========================================================================
Worker process is ready to serve import requests
Launched and connected shader compiler UnityShaderCompiler.exe after 0.03 seconds
Refreshing native plugins compatible for Editor in 0.20 ms, found 0 plugins.
Preloading 0 native plugins for Editor in 0.00 ms.
Unloading 1139 Unused Serialized files (Serialized files now loaded: 0)
System memory in use before: 59.9 MB.
System memory in use after: 59.9 MB.

Unloading 10 unused Assets to reduce memory usage. Loaded Objects now: 1584.
Total: 1.426000 ms (FindLiveObjects: 0.103200 ms CreateObjectMapping: 0.026300 ms MarkObjects: 1.231800 ms  DeleteObjects: 0.064000 ms)

========================================================================
Received Import Request.
  path: Assets/Materijali/Club Floor.mat
  artifactKey: Guid(0d9269a82fb14304bbf561e98627b7fd) Importer(815301076,1909f56bfc062723c751e8b465ee728b)
Start importing Assets/Materijali/Club Floor.mat using Guid(0d9269a82fb14304bbf561e98627b7fd) Importer(815301076,1909f56bfc062723c751e8b465ee728b)  -> (artifact id: '8707980619aff6eda62eebc5a3a73189') in 0.123388 seconds
  Import took 0.125400 seconds .

========================================================================
Received Import Request.
  Time since last request: 0.000132 seconds.
  path: Assets/Materijali
  artifactKey: Guid(f465165556289e74893ce0279b865b47) Importer(815301076,1909f56bfc062723c751e8b465ee728b)
Start importing Assets/Materijali using Guid(f465165556289e74893ce0279b865b47) Importer(815301076,1909f56bfc062723c751e8b465ee728b)  -> (artifact id: 'a59af6216f9bcf8e0903dbea342b5eb2') in 0.007515 seconds
  Import took 0.009219 seconds .

========================================================================
Received Import Request.
  Time since last request: 0.000136 seconds.
  path: Assets/Materijali/Girl Aura.mat
  artifactKey: Guid(661fb1134093bd342bad42ecbad80a17) Importer(815301076,1909f56bfc062723c751e8b465ee728b)
Start importing Assets/Materijali/Girl Aura.mat using Guid(661fb1134093bd342bad42ecbad80a17) Importer(815301076,1909f56bfc062723c751e8b465ee728b)  -> (artifact id: 'c63bda60c1021bab37a01e3d6f980d50') in 0.021532 seconds
  Import took 0.023064 seconds .

========================================================================
Received Import Request.
  Time since last request: 1.879172 seconds.
  path: Assets/Script/GirlYellSound.cs
  artifactKey: Guid(b2d01cc10bb2b8a4893bd66fc66ab392) Importer(815301076,1909f56bfc062723c751e8b465ee728b)
Start importing Assets/Script/GirlYellSound.cs using Guid(b2d01cc10bb2b8a4893bd66fc66ab392) Importer(815301076,1909f56bfc062723c751e8b465ee728b)  -> (artifact id: '68002538eb8bf9b5ca6a5866bd01e022') in 0.012722 seconds
  Import took 0.014354 seconds .

========================================================================
Received Prepare
Refreshing native plugins compatible for Editor in 0.62 ms, found 0 plugins.
Preloading 0 native plugins for Editor in 0.00 ms.
Unloading 3 Unused Serialized files (Serialized files now loaded: 0)
System memory in use before: 39.7 MB.
System memory in use after: 39.8 MB.

Unloading 3 unused Assets to reduce memory usage. Loaded Objects now: 1624.
Total: 1.710700 ms (FindLiveObjects: 0.133400 ms CreateObjectMapping: 0.034300 ms MarkObjects: 1.494200 ms  DeleteObjects: 0.048000 ms)

AssetImportWorkerClient::OnTransportError - code=2 error=End of file
